<?xml version="1.0" encoding="UTF-8"?>
<testsuite name="com.ivdev.junit.service.UserServiceTest" tests="1" skipped="0" failures="0" errors="0" timestamp="2023-08-12T07:17:40" hostname="iv-X541UJ" time="0.027">
  <properties/>
  <testcase name="userEmptyIfNoUsersAdded()" classname="com.ivdev.junit.service.UserServiceTest" time="0.027"/>
  <system-out><![CDATA[]]></system-out>
  <system-err><![CDATA[]]></system-err>
</testsuite>
